0 info it worked if it ends with ok
1 verbose cli [ '/usr/bin/nodejs', '/usr/bin/npm', 'update', '-g', 'ionic' ]
2 info using npm@2.14.12
3 info using node@v4.3.0
4 silly mapToRegistry name ionic
5 silly mapToRegistry using default registry
6 silly mapToRegistry registry https://registry.npmjs.org/
7 silly mapToRegistry uri https://registry.npmjs.org/ionic
8 verbose request uri https://registry.npmjs.org/ionic
9 verbose request no auth needed
10 info attempt registry request try #1 at 13:02:52
11 verbose request id 1f82fc949d69b84f
12 verbose etag "50OWXNJR23DNSNBF5G6YB4ZET"
13 http request GET https://registry.npmjs.org/ionic
14 http 304 https://registry.npmjs.org/ionic
15 verbose headers { date: 'Wed, 01 Jun 2016 17:02:52 GMT',
15 verbose headers   via: '1.1 varnish',
15 verbose headers   'cache-control': 'max-age=300',
15 verbose headers   etag: '"50OWXNJR23DNSNBF5G6YB4ZET"',
15 verbose headers   age: '0',
15 verbose headers   connection: 'keep-alive',
15 verbose headers   'x-served-by': 'cache-atl6248-ATL',
15 verbose headers   'x-cache': 'HIT',
15 verbose headers   'x-cache-hits': '1',
15 verbose headers   'x-timer': 'S1464800572.588075,VS0,VE142',
15 verbose headers   vary: 'Accept-Encoding' }
16 silly get cb [ 304,
16 silly get   { date: 'Wed, 01 Jun 2016 17:02:52 GMT',
16 silly get     via: '1.1 varnish',
16 silly get     'cache-control': 'max-age=300',
16 silly get     etag: '"50OWXNJR23DNSNBF5G6YB4ZET"',
16 silly get     age: '0',
16 silly get     connection: 'keep-alive',
16 silly get     'x-served-by': 'cache-atl6248-ATL',
16 silly get     'x-cache': 'HIT',
16 silly get     'x-cache-hits': '1',
16 silly get     'x-timer': 'S1464800572.588075,VS0,VE142',
16 silly get     vary: 'Accept-Encoding' } ]
17 verbose etag https://registry.npmjs.org/ionic from cache
18 verbose get saving ionic to /home/nestor/.npm/registry.npmjs.org/ionic/.cache.json
19 info outdated updating [ [ '/usr/lib', 'ionic', '1.7.14', '1.7.15', '1.7.15', 'latest' ] ]
20 verbose install where, what [ '/usr/lib', [ 'ionic@1.7.15' ] ]
21 verbose install initial load of /usr/lib/package.json
22 verbose readDependencies loading dependencies from /usr/lib/package.json
23 silly cache add args [ 'ionic@1.7.15', null ]
24 verbose cache add spec ionic@1.7.15
25 silly cache add parsed spec Result {
25 silly cache add   raw: 'ionic@1.7.15',
25 silly cache add   scope: null,
25 silly cache add   name: 'ionic',
25 silly cache add   rawSpec: '1.7.15',
25 silly cache add   spec: '1.7.15',
25 silly cache add   type: 'version' }
26 silly addNamed ionic@1.7.15
27 verbose addNamed "1.7.15" is a plain semver version for ionic
28 silly mapToRegistry name ionic
29 silly mapToRegistry using default registry
30 silly mapToRegistry registry https://registry.npmjs.org/
31 silly mapToRegistry uri https://registry.npmjs.org/ionic
32 verbose addNameVersion registry:https://registry.npmjs.org/ionic not in flight; fetching
33 verbose get https://registry.npmjs.org/ionic not expired, no request
34 silly mapToRegistry name ionic
35 silly mapToRegistry using default registry
36 silly mapToRegistry registry https://registry.npmjs.org/
37 silly mapToRegistry uri https://registry.npmjs.org/ionic
38 verbose addRemoteTarball https://registry.npmjs.org/ionic/-/ionic-1.7.15.tgz not in flight; adding
39 verbose addRemoteTarball [ 'https://registry.npmjs.org/ionic/-/ionic-1.7.15.tgz',
39 verbose addRemoteTarball   'fe83a72a60d03d667d0f3bb47a4210f57356c322' ]
40 info retry fetch attempt 1 at 13:02:52
41 info attempt registry request try #1 at 13:02:52
42 http fetch GET https://registry.npmjs.org/ionic/-/ionic-1.7.15.tgz
43 http fetch 200 https://registry.npmjs.org/ionic/-/ionic-1.7.15.tgz
44 silly fetchAndShaCheck shasum fe83a72a60d03d667d0f3bb47a4210f57356c322
45 verbose addTmpTarball /tmp/npm-13580-e524e6d3/registry.npmjs.org/ionic/-/ionic-1.7.15.tgz not in flight; adding
46 verbose addTmpTarball already have metadata; skipping unpack for ionic@1.7.15
47 silly cache afterAdd ionic@1.7.15
48 verbose afterAdd /home/nestor/.npm/ionic/1.7.15/package/package.json not in flight; writing
49 verbose afterAdd /home/nestor/.npm/ionic/1.7.15/package/package.json written
50 silly install resolved [ { name: 'ionic',
50 silly install resolved     version: '1.7.15',
50 silly install resolved     preferGlobal: true,
50 silly install resolved     description: 'A tool for creating and developing Ionic Framework mobile apps.',
50 silly install resolved     homepage: 'http://ionicframework.com/',
50 silly install resolved     bin: { ionic: 'bin/ionic' },
50 silly install resolved     scripts:
50 silly install resolved      { bump: 'node lib/tasks/bumpversion',
50 silly install resolved        'beta-bump': 'node lib/tasks/bumpversion --level pre --identifier beta',
50 silly install resolved        'publish-release': 'node lib/tasks/bumpversion --npmPublish',
50 silly install resolved        'publish-tag': 'node lib/tasks/bumpversion --level beta --npmPublishTag',
50 silly install resolved        'full-release': 'node lib/tasks/bumpversion --npmInstall --git --npmPublish',
50 silly install resolved        test: 'npm run jasmine',
50 silly install resolved        coveralls: 'istanbul cover node_modules/jasmine-node/bin/jasmine-node --captureExceptions spec/ && cat coverage/lcov.info | node_modules/coveralls/bin/coveralls.js && rm -rf coverage',
50 silly install resolved        e2e: 'jasmine-node --captureExceptions e2e/',
50 silly install resolved        jasmine: 'jasmine-node --captureExceptions  spec/' },
50 silly install resolved     keywords:
50 silly install resolved      [ 'ionic',
50 silly install resolved        'ionic framework',
50 silly install resolved        'ionicframework',
50 silly install resolved        'mobile',
50 silly install resolved        'app',
50 silly install resolved        'hybrid',
50 silly install resolved        'cordova',
50 silly install resolved        'phonegap' ],
50 silly install resolved     repository:
50 silly install resolved      { type: 'git',
50 silly install resolved        url: 'git+https://github.com/driftyco/ionic-cli.git' },
50 silly install resolved     contributors: [ [Object], [Object], [Object], [Object] ],
50 silly install resolved     license: 'MIT',
50 silly install resolved     dependencies:
50 silly install resolved      { async: '^0.9.0',
50 silly install resolved        cheerio: '^0.19.0',
50 silly install resolved        'cli-table': '^0.3.1',
50 silly install resolved        colors: '0.6.2',
50 silly install resolved        connect: '3.1.1',
50 silly install resolved        'connect-livereload': '0.5.2',
50 silly install resolved        crc: '3.2.1',
50 silly install resolved        'cross-spawn': '0.2.3',
50 silly install resolved        'event-stream': '3.0.x',
50 silly install resolved        'expand-tilde': '^1.2.0',
50 silly install resolved        finalhandler: '0.2.0',
50 silly install resolved        'form-data': '0.1.4',
50 silly install resolved        gulp: '3.8.8',
50 silly install resolved        'ionic-app-lib': '0.7.2',
50 silly install resolved        moment: '^2.10.6',
50 silly install resolved        ncp: '0.4.2',
50 silly install resolved        npm: '2.1.3',
50 silly install resolved        open: '0.0.5',
50 silly install resolved        optimist: '0.6.0',
50 silly install resolved        progress: '1.1.7',
50 silly install resolved        prompt: '0.2.12',
50 silly install resolved        'proxy-middleware': '^0.7.0',
50 silly install resolved        q: '1.0.1',
50 silly install resolved        request: '2.51.0',
50 silly install resolved        semver: '^4.2.0',
50 silly install resolved        'serve-static': '1.7.1',
50 silly install resolved        shelljs: '0.2.6',
50 silly install resolved        'tiny-lr-fork': '0.0.5',
50 silly install resolved        underscore: '~1.7.0',
50 silly install resolved        unzip: '0.1.9',
50 silly install resolved        'vinyl-fs': '0.3.7',
50 silly install resolved        xml2js: '0.4.4' },
50 silly install resolved     devDependencies:
50 silly install resolved      { istanbul: '^0.4.3',
50 silly install resolved        'jasmine-node': '^1.14.5',
50 silly install resolved        rewire: '^2.3.4',
50 silly install resolved        coveralls: '^2.2.0' },
50 silly install resolved     gitHead: '957596cecf029184f097778aef89ebe95072d56b',
50 silly install resolved     bugs: { url: 'https://github.com/driftyco/ionic-cli/issues' },
50 silly install resolved     bundleDependencies:
50 silly install resolved      [ 'async',
50 silly install resolved        'cheerio',
50 silly install resolved        'cli-table',
50 silly install resolved        'colors',
50 silly install resolved        'connect',
50 silly install resolved        'connect-livereload',
50 silly install resolved        'crc',
50 silly install resolved        'cross-spawn',
50 silly install resolved        'event-stream',
50 silly install resolved        'expand-tilde',
50 silly install resolved        'finalhandler',
50 silly install resolved        'form-data',
50 silly install resolved        'gulp',
50 silly install resolved        'ionic-app-lib',
50 silly install resolved        'moment',
50 silly install resolved        'ncp',
50 silly install resolved        'npm',
50 silly install resolved        'open',
50 silly install resolved        'optimist',
50 silly install resolved        'progress',
50 silly install resolved        'prompt',
50 silly install resolved        'proxy-middleware',
50 silly install resolved        'q',
50 silly install resolved        'request',
50 silly install resolved        'semver',
50 silly install resolved        'serve-static',
50 silly install resolved        'shelljs',
50 silly install resolved        'tiny-lr-fork',
50 silly install resolved        'underscore',
50 silly install resolved        'unzip',
50 silly install resolved        'vinyl-fs',
50 silly install resolved        'xml2js' ],
50 silly install resolved     _id: 'ionic@1.7.15',
50 silly install resolved     _shasum: 'fe83a72a60d03d667d0f3bb47a4210f57356c322',
50 silly install resolved     _from: 'ionic@1.7.15',
50 silly install resolved     _npmVersion: '2.15.0',
50 silly install resolved     _nodeVersion: '4.4.2',
50 silly install resolved     _npmUser: { name: 'jthoms1', email: 'jthoms1@gmail.com' },
50 silly install resolved     dist:
50 silly install resolved      { shasum: 'fe83a72a60d03d667d0f3bb47a4210f57356c322',
50 silly install resolved        tarball: 'https://registry.npmjs.org/ionic/-/ionic-1.7.15.tgz' },
50 silly install resolved     maintainers: [ [Object], [Object], [Object], [Object], [Object], [Object] ],
50 silly install resolved     _npmOperationalInternal:
50 silly install resolved      { host: 'packages-12-west.internal.npmjs.com',
50 silly install resolved        tmp: 'tmp/ionic-1.7.15.tgz_1464035883321_0.045886170817539096' },
50 silly install resolved     directories: {},
50 silly install resolved     _resolved: 'https://registry.npmjs.org/ionic/-/ionic-1.7.15.tgz' } ]
51 info install ionic@1.7.15 into /usr/lib
52 info installOne ionic@1.7.15
53 verbose installOne of ionic to /usr/lib not in flight; installing
54 verbose lock using /home/nestor/.npm/_locks/ionic-870c91ec4eeb12ef.lock for /usr/lib/node_modules/ionic
55 silly install write writing ionic 1.7.15 to /usr/lib/node_modules/ionic
56 verbose unbuild lib/node_modules/ionic
57 info preuninstall ionic@1.7.14
58 info uninstall ionic@1.7.14
59 verbose unbuild rmStuff ionic@1.7.14 from /usr/lib/node_modules
60 silly gentlyRm /usr/bin/ionic is being gently removed
61 silly gentlyRm verifying /usr is an npm working directory
62 silly gentlyRm containing path /usr is under npm's control, in /usr
63 silly gentlyRm deletion target /usr/bin/ionic is under /usr
64 verbose gentlyRm vacuuming from /usr/bin/ionic up to /usr
65 silly vacuum-fs removing /usr/bin/ionic
66 verbose unlock done using /home/nestor/.npm/_locks/ionic-870c91ec4eeb12ef.lock for /usr/lib/node_modules/ionic
67 verbose stack Error: EACCES: permission denied, unlink '/usr/bin/ionic'
67 verbose stack     at Error (native)
68 verbose cwd /var/www/html/Festival-CaboDePlata
69 error Linux 3.19.0-25-generic
70 error argv "/usr/bin/nodejs" "/usr/bin/npm" "update" "-g" "ionic"
71 error node v4.3.0
72 error npm  v2.14.12
73 error path /usr/bin/ionic
74 error code EACCES
75 error errno -13
76 error syscall unlink
77 error Error: EACCES: permission denied, unlink '/usr/bin/ionic'
77 error     at Error (native)
77 error  { [Error: EACCES: permission denied, unlink '/usr/bin/ionic']
77 error   errno: -13,
77 error   code: 'EACCES',
77 error   syscall: 'unlink',
77 error   path: '/usr/bin/ionic' }
78 error Please try running this command again as root/Administrator.
79 verbose exit [ -13, true ]
80 verbose unbuild lib/node_modules/ionic
81 info preuninstall ionic@1.7.14
82 info uninstall ionic@1.7.14
83 verbose unbuild rmStuff ionic@1.7.14 from /usr/lib/node_modules
84 silly gentlyRm /usr/bin/ionic is being gently removed
85 silly gentlyRm verifying /usr is an npm working directory
86 silly gentlyRm containing path /usr is under npm's control, in /usr
87 silly gentlyRm deletion target /usr/bin/ionic is under /usr
88 verbose gentlyRm vacuuming from /usr/bin/ionic up to /usr
89 silly vacuum-fs removing /usr/bin/ionic
90 error error rolling back Error: EACCES: permission denied, unlink '/usr/bin/ionic'
90 error error rolling back     at Error (native)
90 error error rolling back  { [Error: EACCES: permission denied, unlink '/usr/bin/ionic']
90 error error rolling back   errno: -13,
90 error error rolling back   code: 'EACCES',
90 error error rolling back   syscall: 'unlink',
90 error error rolling back   path: '/usr/bin/ionic' }
